c:\users\alexandra\documents\visual studio 2015\projects\sp1\sp1\debug\vc140.pdb
c:\users\alexandra\documents\visual studio 2015\projects\sp1\sp1\debug\vc140.idb
c:\users\alexandra\documents\visual studio 2015\projects\sp1\sp1\debug\main.obj
d:\university\5 курс\безопасность\sp1\sp1\debug\vc140.pdb
d:\university\5 курс\безопасность\sp1\sp1\debug\vc140.idb
d:\university\5 курс\безопасность\sp1\sp1\debug\main.obj
d:\university\5 курс\безопасность\sp1 — копия (2)\sp1\debug\vc140.pdb
d:\university\5 курс\безопасность\sp1 — копия (2)\sp1\debug\vc140.idb
d:\university\5 курс\безопасность\sp1 — копия (2)\sp1\debug\main.obj
c:\users\alexandra\documents\visual studio 2015\projects\sp1\debug\sp1.ilk
c:\users\alexandra\documents\visual studio 2015\projects\sp1\debug\sp1.exe
c:\users\alexandra\documents\visual studio 2015\projects\sp1\debug\sp1.pdb
d:\university\5 курс\безопасность\sp1\debug\sp1.ilk
d:\university\5 курс\безопасность\sp1\debug\sp1.exe
d:\university\5 курс\безопасность\sp1\debug\sp1.pdb
d:\university\5 курс\безопасность\sp1 — копия (2)\debug\sp1.ilk
d:\university\5 курс\безопасность\sp1 — копия (2)\debug\sp1.exe
d:\university\5 курс\безопасность\sp1 — копия (2)\debug\sp1.pdb
c:\users\alexandra\documents\visual studio 2015\projects\sp1\sp1\debug\cpu.obj
c:\users\alexandra\documents\visual studio 2015\projects\sp1\sp1\debug\cp.obj
d:\university\5 курс\безопасность\sp1 — копия (2)\sp1\debug\cp.obj
d:\university\5 курс\безопасность\sp1 — копия (2)\sp1\debug\cpu.obj
d:\university\5 курс\безопасность\sp1 — копия (2)\sp1\debug\sp1.tlog\cl.command.1.tlog
d:\university\5 курс\безопасность\sp1 — копия (2)\sp1\debug\sp1.tlog\cl.read.1.tlog
d:\university\5 курс\безопасность\sp1 — копия (2)\sp1\debug\sp1.tlog\cl.write.1.tlog
d:\university\5 курс\безопасность\sp1 — копия (2)\sp1\debug\sp1.tlog\link.command.1.tlog
d:\university\5 курс\безопасность\sp1 — копия (2)\sp1\debug\sp1.tlog\link.read.1.tlog
d:\university\5 курс\безопасность\sp1 — копия (2)\sp1\debug\sp1.tlog\link.write.1.tlog
d:\university\5 курс\безопасность\sp1 — копия (2)\sp1\debug\sp1.tlog\sp1.write.1u.tlog
